Arguments: 
  C:\Program Files\nodejs\node.exe C:\Users\Utente\AppData\Roaming\npm\node_modules\yarn\bin\yarn.js add @coinstatsopenapi/v1.0#8fc3kgx93i1locyjj6r

PATH: 
  C:\oracle\product\10.2.0\db_1\bin;C:\Users\Utente\Desktop\tla\Python311\Scripts\;C:\Users\Utente\Desktop\tla\Python311\;C:\Program Files (x86)\Common Files\Oracle\Java\javapath;C:\Windows\system32;C:\Windows;C:\Windows\System32\Wbem;C:\Windows\System32\WindowsPowerShell\v1.0\;C:\Windows\System32\OpenSSH\;C:\Program Files (x86)\NVIDIA Corporation\PhysX\Common;C:\Program Files\NVIDIA Corporation\NVIDIA NvDLISR;C:\WINDOWS\system32;C:\WINDOWS;C:\WINDOWS\System32\Wbem;C:\WINDOWS\System32\WindowsPowerShell\v1.0\;C:\WINDOWS\System32\OpenSSH\;C:\MATLAB701\bin\win32;C:\Program Files\nodejs\;C:\Program Files\Microsoft SQL Server\Client SDK\ODBC\170\Tools\Binn\;C:\Program Files (x86)\Microsoft SQL Server\150\Tools\Binn\;C:\Program Files\Microsoft SQL Server\150\Tools\Binn\;C:\Program Files\Microsoft SQL Server\150\DTS\Binn\;C:\Program Files (x86)\Windows Kits\8.1\Windows Performance Toolkit\;C:\Program Files\Docker\Docker\resources\bin;C:\Users\Utente\AppData\Local\Programs\Eclipse Adoptium\jdk-17.0.7.7-hotspot\bin;C:\Users\Utente\AppData\Local\Microsoft\WindowsApps;C:\Program Files\CodeBlocks\MinGW\bin;C:\youtube-dl;C:\MinGW\bin;C:\Users\Utente\AppData\Roaming\npm;C:\Users\Utente\AppData\Local\Programs\Microsoft VS Code\bin;C:\Users\Utente\AppData\Local\GitHubDesktop\bin;C:\Program Files\processing;

Yarn version: 
  1.22.19

Node version: 
  19.6.0

Platform: 
  win32 x64

Trace: 
  Error: https://registry.yarnpkg.com/@coinstatsopenapi%2fv1.0#8fc3kgx93i1locyjj6r: Not found
      at params.callback [as _callback] (C:\Users\Utente\AppData\Roaming\npm\node_modules\yarn\lib\cli.js:66145:18)
      at self.callback (C:\Users\Utente\AppData\Roaming\npm\node_modules\yarn\lib\cli.js:140890:22)
      at Request.emit (node:events:512:28)
      at Request.<anonymous> (C:\Users\Utente\AppData\Roaming\npm\node_modules\yarn\lib\cli.js:141862:10)
      at Request.emit (node:events:512:28)
      at IncomingMessage.<anonymous> (C:\Users\Utente\AppData\Roaming\npm\node_modules\yarn\lib\cli.js:141784:12)
      at Object.onceWrapper (node:events:626:28)
      at IncomingMessage.emit (node:events:524:35)
      at endReadableNT (node:internal/streams/readable:1359:12)
      at process.processTicksAndRejections (node:internal/process/task_queues:82:21)

npm manifest: 
  {
    "name": "crepto",
    "version": "0.1.0",
    "private": true,
    "dependencies": {
      "@babel/plugin-proposal-private-property-in-object": "^7.21.11",
      "@emotion/react": "^11.10.6",
      "@emotion/styled": "^11.10.6",
      "@mui/material": "^5.11.16",
      "@testing-library/jest-dom": "^5.16.5",
      "@testing-library/react": "^13.4.0",
      "@testing-library/user-event": "^13.5.0",
      "api": "^6.1.1",
      "axios": "^1.3.5",
      "bootstrap": "^5.2.3",
      "chart.js": "^4.2.1",
      "moment": "^2.29.4",
      "react": "^18.2.0",
      "react-bootstrap": "^2.7.2",
      "react-chartjs-2": "^5.2.0",
      "react-dom": "^18.2.0",
      "react-router-dom": "^6.10.0",
      "react-script": "^2.0.5",
      "react-scripts": "^5.0.1",
      "web-vitals": "^2.1.4"
    },
    "scripts": {
      "start": "react-scripts start",
      "build": "react-scripts build",
      "test": "react-scripts test",
      "eject": "react-scripts eject"
    },
    "eslintConfig": {
      "extends": [
        "react-app",
        "react-app/jest"
      ]
    },
    "browserslist": {
      "production": [
        ">0.2%",
        "not dead",
        "not op_mini all"
      ],
      "development": [
        "last 1 chrome version",
        "last 1 firefox version",
        "last 1 safari version"
      ]
    }
  }

yarn manifest: 
  No manifest

Lockfile: 
  No lockfile
